This file contains any messages produced by compilers while
running configure, to aid debugging if configure makes a mistake.

It was created by sniffdet configure 0.9, which was
generated by GNU Autoconf 2.53.  Invocation command line was

  $ ./configure 

## --------- ##
## Platform. ##
## --------- ##

hostname = optimus64.penguinpowered
uname -m = i686
uname -r = 2.6.11-72032U10_21cl
uname -s = Linux
uname -v = #1 Fri Aug 5 10:38:47 BRT 2005

/usr/bin/uname -p = unknown
/bin/uname -X     = unknown

/bin/arch              = i686
/usr/bin/arch -k       = unknown
/usr/convex/getsysinfo = unknown
hostinfo               = unknown
/bin/machine           = unknown
/usr/bin/oslevel       = unknown
/bin/universe          = unknown

PATH: /home/ademar/bin
PATH: /usr/lib/kde3/bin
PATH: /usr/lib/kde3/bin
PATH: /bin
PATH: /usr/bin
PATH: /usr/X11R6/bin
PATH: /usr/local/bin
PATH: /usr/bin/X11
PATH: /usr/games
PATH: /usr/local/bin
PATH: /usr/lib/java2/bin
PATH: /usr/lib/java2/jre/bin
PATH: /usr/lib/qt3/bin
PATH: /usr/sbin
PATH: /sbin


## ----------- ##
## Core tests. ##
## ----------- ##

configure:1250: checking build system type
configure:1268: result: i686-pc-linux-gnu
configure:1276: checking host system type
configure:1290: result: i686-pc-linux-gnu
configure:1312: checking whether make sets ${MAKE}
configure:1332: result: yes
configure:1353: checking for a BSD-compatible install
configure:1407: result: /usr/bin/install -c
configure:1418: checking whether ln -s works
configure:1422: result: yes
configure:1476: checking for gcc
configure:1492: found /home/ademar/bin/gcc
configure:1502: result: gcc
configure:1746: checking for C compiler version
configure:1749: gcc --version </dev/null >&5
gcc (GCC) 3.3.3 (release)
Copyright (C) 2003 Free Software Foundation, Inc.
This is free software; see the source for copying conditions.  There is NO
warranty; not even for MERCHANTABILITY or FITNESS FOR A PARTICULAR PURPOSE.

configure:1752: $? = 0
configure:1754: gcc -v </dev/null >&5
Reading specs from /usr/lib/gcc-lib/i386-conectiva-linux/3.3.3/specs
Configured with: ../configure --prefix=/usr --bindir=/usr/bin --libdir=/usr/lib --mandir=/usr/share/man --infodir=/usr/share/info --datadir=/usr/share --enable-shared --disable-checking --enable-long-long --enable-__cxa_atexit --enable-threads=posix --disable-libunwind-exceptions --enable-libgcj --enable-languages=c,c++,f77,objc,java --with-system-zlib --host=i386-conectiva-linux --target=i386-conectiva-linux --with-gxx_include_dir=/usr/include/c++/3.3.3
Thread model: posix
gcc version 3.3.3 (release)
configure:1757: $? = 0
configure:1759: gcc -V </dev/null >&5
gcc: `-V' option must have argument
configure:1762: $? = 1
configure:1788: checking for C compiler default output
configure:1791: gcc    conftest.c  >&5
configure:1794: $? = 0
configure:1827: result: a.out
configure:1832: checking whether the C compiler works
configure:1838: ./a.out
configure:1841: $? = 0
configure:1856: result: yes
configure:1863: checking whether we are cross compiling
configure:1865: result: no
configure:1868: checking for suffix of executables
configure:1870: gcc -o conftest    conftest.c  >&5
configure:1873: $? = 0
configure:1895: result: 
configure:1901: checking for suffix of object files
configure:1925: gcc -c   conftest.c >&5
configure:1928: $? = 0
configure:1947: result: o
configure:1951: checking whether we are using the GNU C compiler
configure:1978: gcc -c   conftest.c >&5
configure:1981: $? = 0
configure:1984: test -s conftest.o
configure:1987: $? = 0
configure:1999: result: yes
configure:2005: checking whether gcc accepts -g
configure:2029: gcc -c -g  conftest.c >&5
configure:2032: $? = 0
configure:2035: test -s conftest.o
configure:2038: $? = 0
configure:2048: result: yes
configure:2075: gcc -c -g -O2  conftest.c >&5
conftest.c:2: error: parse error before "me"
configure:2078: $? = 1
configure: failed program was:
#ifndef __cplusplus
  choke me
#endif
configure:2194: checking how to run the C preprocessor
configure:2220: gcc -E  conftest.c
configure:2226: $? = 0
configure:2253: gcc -E  conftest.c
configure:2249:28: ac_nonexistent.h: No such file or directory
configure:2259: $? = 1
configure: failed program was:
#line 2248 "configure"
#include "confdefs.h"
#include <ac_nonexistent.h>
configure:2296: result: gcc -E
configure:2311: gcc -E  conftest.c
configure:2317: $? = 0
configure:2344: gcc -E  conftest.c
configure:2340:28: ac_nonexistent.h: No such file or directory
configure:2350: $? = 1
configure: failed program was:
#line 2339 "configure"
#include "confdefs.h"
#include <ac_nonexistent.h>
configure:2390: checking for ANSI C header files
configure:2404: gcc -E  conftest.c
configure:2410: $? = 0
configure:2495: gcc -o conftest -g -O2   conftest.c  >&5
configure:2498: $? = 0
configure:2500: ./conftest
configure:2503: $? = 0
configure:2517: result: yes
configure:2541: checking for sys/types.h
configure:2554: gcc -c -g -O2  conftest.c >&5
configure:2557: $? = 0
configure:2560: test -s conftest.o
configure:2563: $? = 0
configure:2573: result: yes
configure:2541: checking for sys/stat.h
configure:2554: gcc -c -g -O2  conftest.c >&5
configure:2557: $? = 0
configure:2560: test -s conftest.o
configure:2563: $? = 0
configure:2573: result: yes
configure:2541: checking for stdlib.h
configure:2554: gcc -c -g -O2  conftest.c >&5
configure:2557: $? = 0
configure:2560: test -s conftest.o
configure:2563: $? = 0
configure:2573: result: yes
configure:2541: checking for string.h
configure:2554: gcc -c -g -O2  conftest.c >&5
configure:2557: $? = 0
configure:2560: test -s conftest.o
configure:2563: $? = 0
configure:2573: result: yes
configure:2541: checking for memory.h
configure:2554: gcc -c -g -O2  conftest.c >&5
configure:2557: $? = 0
configure:2560: test -s conftest.o
configure:2563: $? = 0
configure:2573: result: yes
configure:2541: checking for strings.h
configure:2554: gcc -c -g -O2  conftest.c >&5
configure:2557: $? = 0
configure:2560: test -s conftest.o
configure:2563: $? = 0
configure:2573: result: yes
configure:2541: checking for inttypes.h
configure:2554: gcc -c -g -O2  conftest.c >&5
configure:2557: $? = 0
configure:2560: test -s conftest.o
configure:2563: $? = 0
configure:2573: result: yes
configure:2541: checking for stdint.h
configure:2554: gcc -c -g -O2  conftest.c >&5
configure:2557: $? = 0
configure:2560: test -s conftest.o
configure:2563: $? = 0
configure:2573: result: yes
configure:2541: checking for unistd.h
configure:2554: gcc -c -g -O2  conftest.c >&5
configure:2557: $? = 0
configure:2560: test -s conftest.o
configure:2563: $? = 0
configure:2573: result: yes
configure:2608: checking limits.h usability
configure:2617: gcc -c -g -O2  conftest.c >&5
configure:2620: $? = 0
configure:2623: test -s conftest.o
configure:2626: $? = 0
configure:2635: result: yes
configure:2639: checking limits.h presence
configure:2646: gcc -E  conftest.c
configure:2652: $? = 0
configure:2670: result: yes
configure:2688: checking for limits.h
configure:2695: result: yes
configure:2608: checking netdb.h usability
configure:2617: gcc -c -g -O2  conftest.c >&5
configure:2620: $? = 0
configure:2623: test -s conftest.o
configure:2626: $? = 0
configure:2635: result: yes
configure:2639: checking netdb.h presence
configure:2646: gcc -E  conftest.c
configure:2652: $? = 0
configure:2670: result: yes
configure:2688: checking for netdb.h
configure:2695: result: yes
configure:2608: checking netinet/in.h usability
configure:2617: gcc -c -g -O2  conftest.c >&5
configure:2620: $? = 0
configure:2623: test -s conftest.o
configure:2626: $? = 0
configure:2635: result: yes
configure:2639: checking netinet/in.h presence
configure:2646: gcc -E  conftest.c
configure:2652: $? = 0
configure:2670: result: yes
configure:2688: checking for netinet/in.h
configure:2695: result: yes
configure:2599: checking for stdlib.h
configure:2604: result: yes
configure:2599: checking for string.h
configure:2604: result: yes
configure:2608: checking sys/time.h usability
configure:2617: gcc -c -g -O2  conftest.c >&5
configure:2620: $? = 0
configure:2623: test -s conftest.o
configure:2626: $? = 0
configure:2635: result: yes
configure:2639: checking sys/time.h presence
configure:2646: gcc -E  conftest.c
configure:2652: $? = 0
configure:2670: result: yes
configure:2688: checking for sys/time.h
configure:2695: result: yes
configure:2599: checking for unistd.h
configure:2604: result: yes
configure:2608: checking dlfcn.h usability
configure:2617: gcc -c -g -O2  conftest.c >&5
configure:2620: $? = 0
configure:2623: test -s conftest.o
configure:2626: $? = 0
configure:2635: result: yes
configure:2639: checking dlfcn.h presence
configure:2646: gcc -E  conftest.c
configure:2652: $? = 0
configure:2670: result: yes
configure:2688: checking for dlfcn.h
configure:2695: result: yes
configure:2608: checking syslog.h usability
configure:2617: gcc -c -g -O2  conftest.c >&5
configure:2620: $? = 0
configure:2623: test -s conftest.o
configure:2626: $? = 0
configure:2635: result: yes
configure:2639: checking syslog.h presence
configure:2646: gcc -E  conftest.c
configure:2652: $? = 0
configure:2670: result: yes
configure:2688: checking for syslog.h
configure:2695: result: yes
configure:2608: checking sys/param.h usability
configure:2617: gcc -c -g -O2  conftest.c >&5
configure:2620: $? = 0
configure:2623: test -s conftest.o
configure:2626: $? = 0
configure:2635: result: yes
configure:2639: checking sys/param.h presence
configure:2646: gcc -E  conftest.c
configure:2652: $? = 0
configure:2670: result: yes
configure:2688: checking for sys/param.h
configure:2695: result: yes
configure:2722: checking pcap.h usability
configure:2731: gcc -c -g -O2  conftest.c >&5
configure:2734: $? = 0
configure:2737: test -s conftest.o
configure:2740: $? = 0
configure:2749: result: yes
configure:2753: checking pcap.h presence
configure:2760: gcc -E  conftest.c
configure:2766: $? = 0
configure:2784: result: yes
configure:2802: checking for pcap.h
configure:2809: result: yes
configure:2832: checking pthread.h usability
configure:2841: gcc -c -g -O2  conftest.c >&5
configure:2844: $? = 0
configure:2847: test -s conftest.o
configure:2850: $? = 0
configure:2859: result: yes
configure:2863: checking pthread.h presence
configure:2870: gcc -E  conftest.c
configure:2876: $? = 0
configure:2894: result: yes
configure:2912: checking for pthread.h
configure:2919: result: yes
configure:2936: checking for gcc option to accept ANSI C
configure:2999: gcc  -c -g -O2  conftest.c >&5
configure:3002: $? = 0
configure:3005: test -s conftest.o
configure:3008: $? = 0
configure:3025: result: none needed
configure:3033: checking for an ANSI C-conforming const
configure:3103: gcc -c -g -O2  conftest.c >&5
configure:3106: $? = 0
configure:3109: test -s conftest.o
configure:3112: $? = 0
configure:3122: result: yes
configure:3132: checking for inline
configure:3149: gcc -c -g -O2  conftest.c >&5
configure:3152: $? = 0
configure:3155: test -s conftest.o
configure:3158: $? = 0
configure:3169: result: inline
configure:3184: checking whether time.h and sys/time.h may both be included
configure:3212: gcc -c -g -O2  conftest.c >&5
configure:3215: $? = 0
configure:3218: test -s conftest.o
configure:3221: $? = 0
configure:3231: result: yes
configure:3241: checking return type of signal handlers
configure:3275: gcc -c -g -O2  conftest.c >&5
configure:3278: $? = 0
configure:3281: test -s conftest.o
configure:3284: $? = 0
configure:3294: result: void
configure:3302: checking whether struct tm is in sys/time.h or time.h
configure:3328: gcc -c -g -O2  conftest.c >&5
configure:3331: $? = 0
configure:3334: test -s conftest.o
configure:3337: $? = 0
configure:3347: result: time.h
configure:3363: checking for stdlib.h
configure:3368: result: yes
configure:3472: checking for working malloc
configure:3504: gcc -o conftest -g -O2   conftest.c  >&5
configure:3507: $? = 0
configure:3509: ./conftest
configure:3512: $? = 0
configure:3525: result: yes
configure:3539: checking for strftime
configure:3582: gcc -o conftest -g -O2   conftest.c  >&5
configure:3585: $? = 0
configure:3588: test -s conftest
configure:3591: $? = 0
configure:3601: result: yes
configure:3680: checking for vprintf
configure:3723: gcc -o conftest -g -O2   conftest.c  >&5
configure:3695: warning: conflicting types for built-in function `vprintf'
configure:3726: $? = 0
configure:3729: test -s conftest
configure:3732: $? = 0
configure:3742: result: yes
configure:3749: checking for _doprnt
configure:3792: gcc -o conftest -g -O2   conftest.c  >&5
/home/ademar/tmp/ccaEongi.o(.text+0xf): In function `main':
/home/ademar/documents/projects/sniffdet/sndet/configure:3782: undefined reference to `_doprnt'
collect2: ld returned 1 exit status
configure:3795: $? = 1
configure: failed program was:
#line 3754 "configure"
#include "confdefs.h"
/* System header to define __stub macros and hopefully few prototypes,
    which can conflict with char _doprnt (); below.  */
#include <assert.h>
/* Override any gcc2 internal prototype to avoid an error.  */
#ifdef __cplusplus
extern "C"
#endif
/* We use char because int might match the return type of a gcc2
   builtin and then its argument prototype would still apply.  */
char _doprnt ();
char (*f) ();

#ifdef F77_DUMMY_MAIN
#  ifdef __cplusplus
     extern "C"
#  endif
   int F77_DUMMY_MAIN() { return 1; }
#endif
int
main ()
{
/* The GNU C library defines this for functions which it implements
    to always fail with ENOSYS.  Some functions are actually named
    something starting with __ and the normal name is an alias.  */
#if defined (__stub__doprnt) || defined (__stub____doprnt)
choke me
#else
f = _doprnt;
#endif

  ;
  return 0;
}
configure:3811: result: no
configure:3833: checking for alarm
configure:3876: gcc -o conftest -g -O2   conftest.c  >&5
configure:3879: $? = 0
configure:3882: test -s conftest
configure:3885: $? = 0
configure:3895: result: yes
configure:3833: checking for gettimeofday
configure:3876: gcc -o conftest -g -O2   conftest.c  >&5
configure:3879: $? = 0
configure:3882: test -s conftest
configure:3885: $? = 0
configure:3895: result: yes
configure:3833: checking for memset
configure:3876: gcc -o conftest -g -O2   conftest.c  >&5
configure:3848: warning: conflicting types for built-in function `memset'
configure:3879: $? = 0
configure:3882: test -s conftest
configure:3885: $? = 0
configure:3895: result: yes
configure:3833: checking for strndup
configure:3876: gcc -o conftest -g -O2   conftest.c  >&5
configure:3879: $? = 0
configure:3882: test -s conftest
configure:3885: $? = 0
configure:3895: result: yes
configure:3833: checking for inet_ntoa
configure:3876: gcc -o conftest -g -O2   conftest.c  >&5
configure:3879: $? = 0
configure:3882: test -s conftest
configure:3885: $? = 0
configure:3895: result: yes
configure:3911: checking for strstr
configure:3954: gcc -o conftest -g -O2   conftest.c  >&5
configure:3926: warning: conflicting types for built-in function `strstr'
configure:3957: $? = 0
configure:3960: test -s conftest
configure:3963: $? = 0
configure:3973: result: yes
configure:3911: checking for select
configure:3954: gcc -o conftest -g -O2   conftest.c  >&5
configure:3957: $? = 0
configure:3960: test -s conftest
configure:3963: $? = 0
configure:3973: result: yes
configure:3911: checking for strerror
configure:3954: gcc -o conftest -g -O2   conftest.c  >&5
configure:3957: $? = 0
configure:3960: test -s conftest
configure:3963: $? = 0
configure:3973: result: yes
configure:3989: checking for libnet-config
configure:4005: found /usr/bin/libnet-config
configure:4016: result: yes
configure:4033: checking for libnet_open_link_interface in -lnet
configure:4066: gcc -o conftest -g -O2   conftest.c -lnet   >&5
configure:4069: $? = 0
configure:4072: test -s conftest
configure:4075: $? = 0
configure:4086: result: yes
configure:4103: checking for pcap_open_live in -lpcap
configure:4136: gcc -o conftest -g -O2   conftest.c -lpcap  -lnet  >&5
configure:4139: $? = 0
configure:4142: test -s conftest
configure:4145: $? = 0
configure:4156: result: yes
configure:4175: checking for old style FreeBSD -pthread flag
configure:4191: result: no
configure:4197: checking for pthread_create in -lpthread
configure:4230: gcc -o conftest -g -O2   conftest.c -lpthread  -lpcap -lnet  >&5
configure:4233: $? = 0
configure:4236: test -s conftest
configure:4239: $? = 0
configure:4250: result: yes
configure:4457: checking for dlopen in -ldl
configure:4490: gcc -o conftest -g -O2   conftest.c -ldl  -lpcap -lnet  >&5
configure:4493: $? = 0
configure:4496: test -s conftest
configure:4499: $? = 0
configure:4510: result: yes
configure:4648: checking for gcc
configure:4674: result: gcc
configure:4918: checking for C compiler version
configure:4921: gcc --version </dev/null >&5
gcc (GCC) 3.3.3 (release)
Copyright (C) 2003 Free Software Foundation, Inc.
This is free software; see the source for copying conditions.  There is NO
warranty; not even for MERCHANTABILITY or FITNESS FOR A PARTICULAR PURPOSE.

configure:4924: $? = 0
configure:4926: gcc -v </dev/null >&5
Reading specs from /usr/lib/gcc-lib/i386-conectiva-linux/3.3.3/specs
Configured with: ../configure --prefix=/usr --bindir=/usr/bin --libdir=/usr/lib --mandir=/usr/share/man --infodir=/usr/share/info --datadir=/usr/share --enable-shared --disable-checking --enable-long-long --enable-__cxa_atexit --enable-threads=posix --disable-libunwind-exceptions --enable-libgcj --enable-languages=c,c++,f77,objc,java --with-system-zlib --host=i386-conectiva-linux --target=i386-conectiva-linux --with-gxx_include_dir=/usr/include/c++/3.3.3
Thread model: posix
gcc version 3.3.3 (release)
configure:4929: $? = 0
configure:4931: gcc -V </dev/null >&5
gcc: `-V' option must have argument
configure:4934: $? = 1
configure:4937: checking whether we are using the GNU C compiler
configure:4985: result: yes
configure:4991: checking whether gcc accepts -g
configure:5034: result: yes
configure:5061: gcc -c -g -O2 -Wall   conftest.c >&5
conftest.c:2: error: parse error before "me"
configure:5064: $? = 1
configure: failed program was:
#ifndef __cplusplus
  choke me
#endif
configure:5286: creating ./config.status

## ---------------------- ##
## Running config.status. ##
## ---------------------- ##

This file was extended by sniffdet config.status 0.9, which was
generated by GNU Autoconf 2.53.  Invocation command line was

  CONFIG_FILES    = 
  CONFIG_HEADERS  = 
  CONFIG_LINKS    = 
  CONFIG_COMMANDS = 
  $ ./config.status 

on optimus64.penguinpowered

config.status:583: creating Makefile
config.status:583: creating src/Makefile
config.status:583: creating src/plugins/Makefile
config.status:583: creating src/lib/Makefile
config.status:687: creating src/config.h
config.status:870: src/config.h is unchanged

## ---------------- ##
## Cache variables. ##
## ---------------- ##

ac_cv_build=i686-pc-linux-gnu
ac_cv_build_alias=i686-pc-linux-gnu
ac_cv_c_compiler_gnu=yes
ac_cv_c_const=yes
ac_cv_c_inline=inline
ac_cv_env_CC_set=
ac_cv_env_CC_value=
ac_cv_env_CFLAGS_set=
ac_cv_env_CFLAGS_value=
ac_cv_env_CPPFLAGS_set=
ac_cv_env_CPPFLAGS_value=
ac_cv_env_CPP_set=
ac_cv_env_CPP_value=
ac_cv_env_LDFLAGS_set=
ac_cv_env_LDFLAGS_value=
ac_cv_env_build_alias_set=
ac_cv_env_build_alias_value=
ac_cv_env_host_alias_set=
ac_cv_env_host_alias_value=
ac_cv_env_target_alias_set=
ac_cv_env_target_alias_value=
ac_cv_exeext=
ac_cv_func__doprnt=no
ac_cv_func_alarm=yes
ac_cv_func_gettimeofday=yes
ac_cv_func_inet_ntoa=yes
ac_cv_func_malloc_works=yes
ac_cv_func_memset=yes
ac_cv_func_select=yes
ac_cv_func_strerror=yes
ac_cv_func_strftime=yes
ac_cv_func_strndup=yes
ac_cv_func_strstr=yes
ac_cv_func_vprintf=yes
ac_cv_header_dlfcn_h=yes
ac_cv_header_inttypes_h=yes
ac_cv_header_limits_h=yes
ac_cv_header_memory_h=yes
ac_cv_header_netdb_h=yes
ac_cv_header_netinet_in_h=yes
ac_cv_header_pcap_h=yes
ac_cv_header_pthread_h=yes
ac_cv_header_stdc=yes
ac_cv_header_stdint_h=yes
ac_cv_header_stdlib_h=yes
ac_cv_header_string_h=yes
ac_cv_header_strings_h=yes
ac_cv_header_sys_param_h=yes
ac_cv_header_sys_stat_h=yes
ac_cv_header_sys_time_h=yes
ac_cv_header_sys_types_h=yes
ac_cv_header_syslog_h=yes
ac_cv_header_time=yes
ac_cv_header_unistd_h=yes
ac_cv_host=i686-pc-linux-gnu
ac_cv_host_alias=i686-pc-linux-gnu
ac_cv_lib_dl_dlopen=yes
ac_cv_lib_net_libnet_open_link_interface=yes
ac_cv_lib_pcap_pcap_open_live=yes
ac_cv_lib_pthread_pthread_create=yes
ac_cv_objext=o
ac_cv_path_install='/usr/bin/install -c'
ac_cv_prog_CPP='gcc -E'
ac_cv_prog_LIBNETCONFIG=yes
ac_cv_prog_ac_ct_CC=gcc
ac_cv_prog_cc_g=yes
ac_cv_prog_cc_stdc=
ac_cv_prog_make_make_set=yes
ac_cv_struct_tm=time.h
ac_cv_type_signal=void

## ----------- ##
## confdefs.h. ##
## ----------- ##

#define PACKAGE_NAME "sniffdet"
#define PACKAGE_TARNAME "sniffdet"
#define PACKAGE_VERSION "0.9"
#define PACKAGE_STRING "sniffdet 0.9"
#define PACKAGE_BUGREPORT "sniffdet-devel@lists.sourceforge.net"
#define _GNU_SOURCE 1
#define STDC_HEADERS 1
#define HAVE_SYS_TYPES_H 1
#define HAVE_SYS_STAT_H 1
#define HAVE_STDLIB_H 1
#define HAVE_STRING_H 1
#define HAVE_MEMORY_H 1
#define HAVE_STRINGS_H 1
#define HAVE_INTTYPES_H 1
#define HAVE_STDINT_H 1
#define HAVE_UNISTD_H 1
#define HAVE_LIMITS_H 1
#define HAVE_NETDB_H 1
#define HAVE_NETINET_IN_H 1
#define HAVE_STDLIB_H 1
#define HAVE_STRING_H 1
#define HAVE_SYS_TIME_H 1
#define HAVE_UNISTD_H 1
#define HAVE_DLFCN_H 1
#define HAVE_SYSLOG_H 1
#define HAVE_SYS_PARAM_H 1
#define HAVE_PCAP_H 1
#define TIME_WITH_SYS_TIME 1
#define RETSIGTYPE void
#define HAVE_STDLIB_H 1
#define HAVE_MALLOC 1
#define HAVE_STRFTIME 1
#define HAVE_VPRINTF 1
#define HAVE_ALARM 1
#define HAVE_GETTIMEOFDAY 1
#define HAVE_MEMSET 1
#define HAVE_STRNDUP 1
#define HAVE_INET_NTOA 1
#define HAVE_STRSTR 1
#define HAVE_SELECT 1
#define HAVE_STRERROR 1
#define HAVE_LIBNET 1
#define HAVE_LIBPCAP 1
#define HAVE_LIBDL 1
#define SNDET_DEFAULT_UID 280
#define SNDET_DEFAULT_GID 280
#define SNDET_PLUGINSDIR "/usr/local/lib/sniffdet/plugins"

configure: exit 0
